<?xml version="1.0" encoding="UTF-8"?>
<!-- Generated by org.testng.reporters.JUnitXMLReporter -->
<testsuite hostname="HJL06099" ignored="0" name="Test" tests="4" failures="0" timestamp="18 Jun 2020 12:59:54 GMT" time="13.221" errors="0">
  <testcase name="addPlace" time="11.104" classname="PlacesAPI.AddPlace"/>
  <testcase name="getPlace" time="0.595" classname="PlacesAPI.GetPlace"/>
  <testcase name="updatePlace" time="0.501" classname="PlacesAPI.UpdatePlace"/>
  <testcase name="deletePlace" time="0.926" classname="PlacesAPI.DeletePlace"/>
</testsuite> <!-- Test -->
