<?xml version="1.0" encoding="UTF-8"?>
<!-- Generated by org.testng.reporters.JUnitXMLReporter -->
<testsuite hostname="HJL06099" ignored="0" name="Test" tests="4" failures="0" timestamp="17 Jun 2020 14:10:05 GMT" time="7.141" errors="0">
  <testcase name="addPlace" time="6.101" classname="PlacesAPI.AddPlace"/>
  <testcase name="getPlace" time="0.388" classname="PlacesAPI.GetPlace"/>
  <testcase name="updatePlace" time="0.287" classname="PlacesAPI.UpdatePlace"/>
  <testcase name="deletePlace" time="0.308" classname="PlacesAPI.DeletePlace"/>
</testsuite> <!-- Test -->
