<?xml version="1.0" encoding="UTF-8"?>
<testng-results skipped="0" failed="0" ignored="0" total="1" passed="1">
  <reporter-output>
  </reporter-output>
  <suite name="Default suite" duration-ms="8185" started-at="2020-06-18T13:11:57Z" finished-at="2020-06-18T13:12:05Z">
    <groups>
    </groups>
    <test name="Default test" duration-ms="8185" started-at="2020-06-18T13:11:57Z" finished-at="2020-06-18T13:12:05Z">
      <class name="PlacesAPI.SumValidation">
        <test-method status="PASS" signature="sumOfCourses()[pri:0, instance:PlacesAPI.SumValidation@14bf9759]" name="sumOfCourses" duration-ms="8112" started-at="2020-06-18T13:11:57Z" finished-at="2020-06-18T13:12:05Z">
          <reporter-output>
          </reporter-output>
        </test-method> <!-- sumOfCourses -->
      </class> <!-- PlacesAPI.SumValidation -->
    </test> <!-- Default test -->
  </suite> <!-- Default suite -->
</testng-results>
